-------------------------------------------------------------------------------
Test set: com.rajesh.checkout.checkoutmanagement.CheckoutmanagementApplicationTests
-------------------------------------------------------------------------------
Tests run: 1, Failures: 0, Errors: 1, Skipped: 0, Time elapsed: 5.638 s <<< FAILURE! - in com.rajesh.checkout.checkoutmanagement.CheckoutmanagementApplicationTests
initializationError(com.rajesh.checkout.checkoutmanagement.CheckoutmanagementApplicationTests)  Time elapsed: 0.219 s  <<< ERROR!
java.lang.IllegalStateException: Unable to find a @SpringBootConfiguration, you need to use @ContextConfiguration or @SpringBootTest(classes=...) with your test

